---------------------------------------------------
M.U.G.E.N ver 1.1.0 Beta 1 P1 (2013.08.11) status log
---------------------------------------------------
Parsing command line...
Command line: Z:\home\calebe94\Projetos\WOIEMugen\mugen.exe
Parse command line OK
Initializing...
Allocating game variables
Reading configuration file...Setting language "en".
OK
Initializing timer...performance timer enabled...frequency 10000000...OK
Initializing keyboard...configuring...OK
Initializing input engine...OK
Initializing sound...OK
Initializing BGM...  OK
Initializing graphics...gameCoord 1280x720...render mode 2_20...trying 1280x720x32 mode 0x0...success...OK
Setting callbacks...OK
Initializing font...OK
Initializing game variables...OK
Session RNG seed is 1464410349
Loading system fonts...OK
Loading options...
Initializing pads...failed
Reinitializing input engine...OK
Remapping keys...OK
Reinitializing input engine...OK
Options loaded OK
Loading system...
  Load system file system.def...OK
  Load system spr...OK
  Load system snd...OK
  Load system fonts...OK
  Load system anim...OK
  Load [Title Info]...OK
  Load [Option Info]...OK
  Load [Select Info]...OK
  Load [VS Screen]...OK
  Load [Victory Screen]...OK
  Load [Demo Mode]...OK
  Load [Continue Screen]...OK
  Load [Game Over Screen]...OK
  Load [Win Screen]...OK
  Load [Survival Results Screen]...OK
  Load [Default Ending]...OK
  Load [End Credits]...OK
  Load TitleBG...VersusBG...VictoryBG...SelectBG...OptionBG...OK
  Loading fight data
    Opening fight data file data/fight.def...OK
    Reading [Files]...OK
    Loading fonts...OK
    Load fight anim...OK
    Reading [Lifebar]...[Turns Lifebar]...[Simul Lifebar]...[Powerbar]...
    [Face]...[Simul Face]...[Turns Face]...
    [Name]...[Simul Name]...[Turns Name]...
    [Time]...[Combo]...[Round]...[WinIcon]...OK
    Allocating explods...OK
  Fight data loaded OK
Lua initing
Lua init complete
System loaded OK
Initialize OK
Set up graphics...timer...OK

Entering gameflow loop
Gameflow 0
Gameflow 1
Gameflow 2
Initializing character info...OK
Initializing select screen...finding characters...
  Error reading character file: chars/empty/empty.def

  Error reading character file: chars/empty/empty.def

  Error reading character file: chars/empty/empty.def

  Error reading character file: chars/empty/empty.def

  Error reading character file: chars/empty/empty.def

  Error reading character file: chars/empty/empty.def

  Error reading character file: chars/empty/empty.def

  Error reading character file: chars/empty/empty.def

  Error reading character file: chars/empty/empty.def

  Error reading character file: chars/empty/empty.def

  Error reading character file: chars/empty/empty.def

  Error reading character file: chars/empty/empty.def

  Error reading character file: chars/empty/empty.def

  Error reading character file: chars/empty/empty.def

  Error reading character file: chars/empty/empty.def

  Error reading character file: chars/empty/empty.def

  Error reading character file: chars/empty/empty.def

  Error reading character file: chars/empty/empty.def

  Error reading character file: chars/empty/empty.def

  Error reading character file: chars/empty/empty.def

  Error reading character file: chars/empty/empty.def

  Error reading character file: chars/empty/empty.def

  Error reading character file: chars/empty/empty.def

  Error reading character file: chars/empty/empty.def

  Error reading character file: chars/empty/empty.def

  Error reading character file: chars/empty/empty.def

  Error reading character file: chars/empty/empty.def

  Error reading character file: chars/empty/empty.def

  Error reading character file: chars/empty/empty.def

  Error reading character file: chars/empty/empty.def

  Error reading character file: chars/empty/empty.def

  Error reading character file: chars/empty/empty.def

  Error reading character file: chars/empty/empty.def

  Error reading character file: chars/empty/empty.def

  Error reading character file: chars/empty/empty.def

  Error reading character file: chars/empty/empty.def

  Error reading character file: chars/empty/empty.def

  Error reading character file: chars/empty/empty.def

  Error reading character file: chars/empty/empty.def

  Error reading character file: chars/empty/empty.def

  Error reading character file: chars/empty/empty.def
OK
Gameflow 3
Gameflow 4
Entering mode select.
Unloading match assets
Freeing players
Game loop init
Mode select init
End of mode select loop
Game loop deinit
Gameflow 6
Reset persist vars team 0
Reset persist vars team 1
Gameflow 7
Entering character select.
Unloading match assets
Freeing players
Game loop init
Unreserved all palettes
Charsel init
Selected char 0 on teamslot 0.0
Char Cable.def (0) request pal 3 FF (FF) -> reserved 3 (F7)
End of charsel loop
Game loop deinit
Gameflow 8
Char Cyclops_HD.def (2) request pal 5 7F (7F) -> reserved 5 (5F)
Gameflow 9
Gameflow 10
Entering versus screen.
Unloading match assets
Freeing players
Game loop init
Versus screen init
End of versus screen loop
Game loop deinit
Gameflow 11
Loading match assets...
Loading stage...
  Loading BG...OK
Stage loaded OK
  Allocating helpers...OK
Match RNG seed: 107439531
Reset persist vars team 1
Loading character chars/Cable/Cable.def...
  Loading info...Info: Cable loading in pre-1.0 compatible mode
OK
  Loading cmd command set MVC2_Cable_Medium.cmd...OK
  Loading cns MVC2_Cable.cns...OK
  Loading cns MVC2_Cable_-2.cns...OK
  Loading cns MVC2_Cable_-3.cns...OK
  Loading cns MVC2_Cable_overide.cns...OK
  Loading cmd state entry MVC2_Cable_Medium.cmd...OK
  Loading common states common1.cns...OK
  Loading sff MVC2_Cable.sff...OK
  Loading anim MVC2_Cable.air...OK
  Loading snd MVC2_Cable.snd...OK
  Loading pals...(1,1)(1,2)(1,3)(1,4)(1,5)(1,6)(1,7)(1,8)OK
  SFF v1.01 palette hack engaged.
  14138 expressions (5284 on trigger lines)
Character Cable.def loaded OK
New char Cable loaded into cache: (1/4 cached) Load time: 1910.000ms
Loading character chars/Cyclops_HD/Cyclops_HD.def...
  Loading info...Info: Cyclops loading in pre-1.0 compatible mode
OK
  Loading cmd command set Cyclops.cmd...OK
  Loading cns Cyclops.cns...OK
  Loading cmd state entry Cyclops.cmd...OK
  Loading common states common1.cns...OK
  Loading sff Cyclops.sff...OK
  Loading anim Cyclops.air...OK
  Loading snd Cyclops.snd...OK
  Loading pals...(1,1)(1,2)(1,3)(1,4)(1,5)(1,6)(1,7)OK
  SFF v1.01 palette hack engaged.
  15048 expressions (5367 on trigger lines)
Character Cyclops_HD.def loaded OK
New char Cyclops loaded into cache: (2/4 cached) Load time: 1250.000ms
Resetting round
Match assets initialized OK
Game loop init
Match loop init
Resetting round
End of match loop
Total time: 91.54s
Total frames: 6859 	Skipped frames: 1389
Avg game rate: 74.93
Avg frame rate: 59.76

Finishing match
Freeing players
Save persist vars P56 Cable
Player Cable cache count reduced: 0
Save persist vars P57 Cyclops
Player Cyclops cache count reduced: 0
Match RNG closed
Game loop deinit
Gameflow 12
Entering victory screen.
Unloading match assets
Freeing players
Unloading stage...OK
Game loop init
Victory screen init
End of victory screen loop
Game loop deinit
Gameflow 8
Char Cyclops_HD.def (2) unreserve pal 5 7F 5F -> 7F
Char Venom[Carnificina].def (11) request pal 2 3F (3F) -> reserved 2 (3B)
Gameflow 9
Gameflow 10
Entering versus screen.
Unloading match assets
Freeing players
Game loop init
Versus screen init
End of versus screen loop
Game loop deinit
Gameflow 11
Loading match assets...
Loading stage...
  Loading BG...OK
Stage loaded OK
  Allocating helpers...OK
Match RNG seed: 290643345
Reset persist vars team 1
Player Cable cache count increased: 1
Loading character chars/Venom[Carnificina]/Venom[Carnificina].def...
  Loading info...Info: Venon loading in pre-1.0 compatible mode
OK
  Loading cmd command set Venon.cmd...OK
  Loading cns Venon.cns...OK
  Loading cns Venon-S.CNS...OK
  Loading cns VenonWeb.CNS...OK
  Loading cns SuperV.cns...OK
  Loading cns Armor.cns...OK
  Loading cns AI.cns...OK
  Loading cmd state entry Venon.cmd...OK
  Loading common states common1.cns...OK
  Loading sff Venon.sff...OK
  Loading anim Venon.air...OK
  Loading snd Venon.snd...OK
  Loading pals...(1,1)(1,2)(1,3)(1,4)(1,5)(1,6)OK
  SFF v1.01 palette hack engaged.
  6026 expressions (2619 on trigger lines)
Character Venom[Carnificina].def loaded OK
New char Venon loaded into cache: (3/4 cached) Load time: 270.000ms
Resetting round
Match assets initialized OK
Game loop init
Match loop init
Resetting round
End of match loop
Total time: 59.01s
Total frames: 4421 	Skipped frames: 895
Avg game rate: 74.92
Avg frame rate: 59.75

Finishing match
Freeing players
Save persist vars P56 Cable
Player Cable cache count reduced: 0
Save persist vars P57 Venon
Player Venon cache count reduced: 0
Match RNG closed
Game loop deinit
Gameflow 13
Entering continue screen.
Loading match assets...
Stage already loaded: stages/stage0-720.def
  Allocating helpers...OK
Match RNG seed: 1464869331
Reset persist vars team 1
Player Cable cache count increased: 1
Player Venon cache count increased: 1
Resetting round
Match assets initialized OK
Game loop init
Continue screen init
End of continue screen loop
Finishing match
Freeing players
Save persist vars P56 Cable
Player Cable cache count reduced: 0
Save persist vars P57 Venon
Player Venon cache count reduced: 0
Match RNG closed
Game loop deinit
Gameflow 7
Entering character select.
Unloading match assets
Freeing players
Unloading stage...OK
Game loop init
Unreserved all palettes
Charsel init
Selected char 12 on teamslot 0.0
Char MVC_Magneto.def (12) request pal 4 1 (1) -> reserved 0 (0)
End of charsel loop
Game loop deinit
Gameflow 8
Char Venom[Carnificina].def (11) request pal 4 3F (3F) -> reserved 4 (2F)
Gameflow 9
Gameflow 10
Entering versus screen.
Unloading match assets
Freeing players
Game loop init
Versus screen init
End of versus screen loop
Game loop deinit
Gameflow 11
Loading match assets...
Loading stage...
  Loading BG...OK
Stage loaded OK
  Allocating helpers...OK
Match RNG seed: 499504439
Reset persist vars team 1
Loading character chars/MVC_Magneto/MVC_Magneto.def...
  Loading info...Info: Magneto loading in pre-1.0 compatible mode
OK
  Loading cmd command set magneto.cmd...OK
  Loading cns magneto.cns...OK
  Loading cns helpers.cns...OK
  Loading cmd state entry magneto.cmd...OK
  Loading common states common1.cns...OK
  Loading sff magneto.sff...OK
  Loading anim magneto.air...OK
  Loading snd magneto.snd...OK
  Loading pals...(1,1)OK
  SFF v1.01 palette hack engaged.
  6151 expressions (1854 on trigger lines)
Character MVC_Magneto.def loaded OK
New char MVC_Magneto loaded into cache: (4/4 cached) Load time: 340.000ms
Player Venon cache count increased: 1
Resetting round
Match assets initialized OK
Game loop init
Match loop init
End of match loop
Total time: 3.54s
Total frames: 264 	Skipped frames: 51
Avg game rate: 74.58
Avg frame rate: 60.17

Finishing match
Freeing players
Save persist vars P56 MVC_Magneto
Player MVC_Magneto cache count reduced: 0
Save persist vars P57 Venon
Player Venon cache count reduced: 0
Match RNG closed
Game loop deinit
Gameflow 6
Reset persist vars team 0
Reset persist vars team 1
Gameflow 7
Entering character select.
Unloading match assets
Freeing players
Unloading stage...OK
Game loop init
Unreserved all palettes
Charsel init
Selected char 13 on teamslot 0.0
Char Gambit.def (13) request pal 5 3F (3F) -> reserved 5 (1F)
End of charsel loop
Game loop deinit
Gameflow 8
Char MVC2_Thanos.def (8) request pal 11 FF (FF) -> reserved 5 (DF)
Gameflow 9
Playing storyboard chars/Gambit/intro.def: scene
Unloading match assets
Freeing players
Game loop init
Game loop deinit
Finished playing storyboard chars/Gambit/intro.def: scene
Gameflow 10
Entering versus screen.
Unloading match assets
Freeing players
Game loop init
Versus screen init
End of versus screen loop
Game loop deinit
Gameflow 11
Loading match assets...
Loading stage...
  Loading BG...OK
Stage loaded OK
  Allocating helpers...OK
Match RNG seed: 1631399250
Reset persist vars team 1
Player Cyclops purged from cache: 1
Freeing player RC Cyclops...CMD...CNS...SFF...AIR...SND...Misc...OK
Loading character chars/Gambit/Gambit.def...
  Loading info...OK
  Loading cmd command set Gambit.cmd...OK
  Loading cns Gambit.cns...OK
  Loading cns normal.cns...OK
  Loading cns specials.cns...OK
  Loading cns supers.cns...OK
  Loading cns Helpers.cns...OK
  Loading cns statedef_AI.cns...OK
  Loading cmd state entry Gambit.cmd...OK
  Loading common states common1.cns...OK
  Loading sff g.sff...OK
  Loading anim Gambit.air...OK
  Loading snd Gambit.snd...OK
  Loading pals...(1,1)(1,2)(1,3)(1,4)(1,5)(1,6)OK
  SFF v1.01 palette hack engaged.
  11469 expressions (3538 on trigger lines)
Character Gambit.def loaded OK
New char Gambit loaded into cache: (4/4 cached) Load time: 920.000ms
Player Cable purged from cache: 6
Freeing player RC Cable...CMD...CNS...SFF...AIR...SND...Misc...OK
Loading character chars/MVC2_Thanos/MVC2_Thanos.def...
  Loading info...Info: Thanos loading in pre-1.0 compatible mode
OK
  Loading cmd command set MVC2_Thanos_Medium.cmd...OK
  Loading cns MVC2_Thanos.cns...OK
  Loading cns MVC2_Thanos_-2.cns...OK
  Loading cns MVC2_Thanos_-3.cns...OK
  Loading cns MVC2_Thanos_overide.cns...OK
  Loading cmd state entry MVC2_Thanos_Medium.cmd...OK
  Loading common states common1.cns...OK
  Loading sff MVC2_Thanos.sff...OK
  Loading anim MVC2_Thanos.air...OK
  Loading snd MVC2_Thanos.snd...OK
  Loading pals...(1,1)(1,2)(1,3)(1,4)(1,5)(1,6)(1,7)(1,8)OK
  SFF v1.01 palette hack engaged.
  13356 expressions (5525 on trigger lines)
Character MVC2_Thanos.def loaded OK
New char Thanos loaded into cache: (4/4 cached) Load time: 1160.000ms
Resetting round
Match assets initialized OK
Game loop init
Match loop init
End of match loop
Total time: 10.39s
Total frames: 778 	Skipped frames: 156
Avg game rate: 74.88
Avg frame rate: 59.87

Finishing match
Freeing players
Save persist vars P56 Gambit
Player Gambit cache count reduced: 0
Save persist vars P57 Thanos
Player Thanos cache count reduced: 0
Match RNG closed
Game loop deinit
Gameflow 6
Reset persist vars team 0
Reset persist vars team 1
Gameflow 7
Entering character select.
Unloading match assets
Freeing players
Unloading stage...OK
Game loop init
Unreserved all palettes
Charsel init
Game loop deinit
Canceled character select.
Gameflow 4
Entering mode select.
Unloading match assets
Freeing players
Game loop init
Mode select init
End of mode select loop
Game loop deinit
Returned from gameflow loop
Deinitializing...
Frames      : 14024
Time elapsed: 200.250 sec
ticks: 20025, tps: 100, start 1135, end 21160

Unloading match assets
Freeing players
Clearing player cache...Freeing player RC Thanos...CMD...CNS...SFF...AIR...SND...Misc...OK
Freeing player RC Venon...CMD...CNS...SFF...AIR...SND...Misc...OK
Freeing player RC MVC_Magneto...CMD...CNS...SFF...AIR...SND...Misc...OK
Freeing player RC Gambit...CMD...CNS...SFF...AIR...SND...Misc...OK
OK
Freeing character info...OK
Freeing select screen...OK
Freeing fight data...OK
Freeing system data...OK
Freeing game variables...Unloading match assets
Freeing players
OK
Deinitializing input...pad...keyboard...OK
Removing callbacks...OK
Deintializing timer...OK
Deinitializing graphics...OK
Deinitializing BGM...OK
Deinitializing sound...OK
Successful program termination.

Log file successfully closed.
